<?xml version="1.0" encoding="UTF-8"?>
<testng-results ignored="0" total="5" passed="5" failed="0" skipped="0">
  <reporter-output>
  </reporter-output>
  <suite started-at="2023-09-14T04:36:37Z" name="Suite" finished-at="2023-09-14T04:37:19Z" duration-ms="41731">
    <groups>
    </groups>
    <test started-at="2023-09-14T04:36:37Z" name="Test" finished-at="2023-09-14T04:37:19Z" duration-ms="41731">
      <class name="Facengenie.FacengenieLogout">
        <test-method signature="Logout()[pri:0, instance:Facengenie.FacengenieLogout@4206a205]" started-at="2023-09-14T04:36:37Z" name="Logout" finished-at="2023-09-14T04:36:49Z" duration-ms="12003" status="PASS">
          <reporter-output>
          </reporter-output>
        </test-method> <!-- Logout -->
      </class> <!-- Facengenie.FacengenieLogout -->
      <class name="Facengenie.FacengenieLogin">
        <test-method signature="VerifyLoginCredentials(java.lang.String, java.lang.String, java.lang.String)[pri:0, instance:Facengenie.FacengenieLogin@29ba4338]" started-at="2023-09-14T04:36:49Z" name="VerifyLoginCredentials" data-provider="credential" finished-at="2023-09-14T04:36:59Z" duration-ms="9662" status="PASS">
          <params>
            <param index="0">
              <value>
                <![CDATA[bothcorrect]]>
              </value>
            </param>
            <param index="1">
              <value>
                <![CDATA[testbams@gmail.com]]>
              </value>
            </param>
            <param index="2">
              <value>
                <![CDATA[facegenie]]>
              </value>
            </param>
          </params>
          <reporter-output>
          </reporter-output>
        </test-method> <!-- VerifyLoginCredentials -->
        <test-method signature="VerifyLoginCredentials(java.lang.String, java.lang.String, java.lang.String)[pri:0, instance:Facengenie.FacengenieLogin@29ba4338]" started-at="2023-09-14T04:36:59Z" name="VerifyLoginCredentials" data-provider="credential" finished-at="2023-09-14T04:37:06Z" duration-ms="7012" status="PASS">
          <params>
            <param index="0">
              <value>
                <![CDATA[bothwrong]]>
              </value>
            </param>
            <param index="1">
              <value>
                <![CDATA[bams@gmail.com]]>
              </value>
            </param>
            <param index="2">
              <value>
                <![CDATA[genie]]>
              </value>
            </param>
          </params>
          <reporter-output>
          </reporter-output>
        </test-method> <!-- VerifyLoginCredentials -->
        <test-method signature="VerifyLoginCredentials(java.lang.String, java.lang.String, java.lang.String)[pri:0, instance:Facengenie.FacengenieLogin@29ba4338]" started-at="2023-09-14T04:37:06Z" name="VerifyLoginCredentials" data-provider="credential" finished-at="2023-09-14T04:37:12Z" duration-ms="6100" status="PASS">
          <params>
            <param index="0">
              <value>
                <![CDATA[correctemailaddress]]>
              </value>
            </param>
            <param index="1">
              <value>
                <![CDATA[testbams@gmail.com]]>
              </value>
            </param>
            <param index="2">
              <value>
                <![CDATA[genie]]>
              </value>
            </param>
          </params>
          <reporter-output>
          </reporter-output>
        </test-method> <!-- VerifyLoginCredentials -->
        <test-method signature="VerifyLoginCredentials(java.lang.String, java.lang.String, java.lang.String)[pri:0, instance:Facengenie.FacengenieLogin@29ba4338]" started-at="2023-09-14T04:37:12Z" name="VerifyLoginCredentials" data-provider="credential" finished-at="2023-09-14T04:37:19Z" duration-ms="6911" status="PASS">
          <params>
            <param index="0">
              <value>
                <![CDATA[correctpassword]]>
              </value>
            </param>
            <param index="1">
              <value>
                <![CDATA[bams@gmail.com]]>
              </value>
            </param>
            <param index="2">
              <value>
                <![CDATA[facegenie]]>
              </value>
            </param>
          </params>
          <reporter-output>
          </reporter-output>
        </test-method> <!-- VerifyLoginCredentials -->
      </class> <!-- Facengenie.FacengenieLogin -->
    </test> <!-- Test -->
  </suite> <!-- Suite -->
</testng-results>
