<?xml version="1.0" encoding="UTF-8"?>
<!-- Generated by org.testng.reporters.JUnitXMLReporter -->
<testsuite ignored="0" hostname="ashish" failures="0" tests="5" name="Test" time="41.731" errors="0" timestamp="14 Sep 2023 04:37:19 GMT">
  <testcase classname="Facengenie.FacengenieLogout" name="Logout" time="12.003"/>
  <testcase classname="Facengenie.FacengenieLogin" name="VerifyLoginCredentials" time="9.662"/>
  <testcase classname="Facengenie.FacengenieLogin" name="VerifyLoginCredentials" time="7.012"/>
  <testcase classname="Facengenie.FacengenieLogin" name="VerifyLoginCredentials" time="6.1"/>
  <testcase classname="Facengenie.FacengenieLogin" name="VerifyLoginCredentials" time="6.911"/>
</testsuite> <!-- Test -->
