<?xml version="1.0" encoding="UTF-8"?>
<!-- Generated by org.testng.reporters.JUnitXMLReporter -->
<testsuite ignored="0" hostname="ashish" failures="0" tests="4" name="Default test" time="29.578" errors="0" timestamp="14 Sep 2023 04:28:31 GMT">
  <testcase classname="Facengenie.FacengenieLogin" name="VerifyLoginCredentials" time="9.69"/>
  <testcase classname="Facengenie.FacengenieLogin" name="VerifyLoginCredentials" time="6.973"/>
  <testcase classname="Facengenie.FacengenieLogin" name="VerifyLoginCredentials" time="6.412"/>
  <testcase classname="Facengenie.FacengenieLogin" name="VerifyLoginCredentials" time="6.46"/>
</testsuite> <!-- Default test -->
